1765272071: mosquitto version 2.0.22 starting
1765272071: Config loaded from /mosquitto/config/mosquitto.conf.
1765272071: Opening ipv4 listen socket on port 1883.
1765272071: Opening ipv6 listen socket on port 1883.
1765272071: mosquitto version 2.0.22 running
1765272096: New connection from 172.21.0.1:38872 on port 1883.
1765272096: New client connected from 172.21.0.1:38872 as postman-mqtt-client-1765272095759 (p5, c0, k60).
1765272096: No will message specified.
1765272096: Sending CONNACK to postman-mqtt-client-1765272095759 (0, 0)
1765272096: Received SUBSCRIBE from postman-mqtt-client-1765272095759
1765272096: 	TopicControle (QoS 0)
1765272096: postman-mqtt-client-1765272095759 0 TopicControle
1765272096: Sending SUBACK to postman-mqtt-client-1765272095759
1765272102: Received PUBLISH from postman-mqtt-client-1765272095759 (d0, q0, r0, m0, 'TopicControle', ... (2 bytes))
1765272102: Sending PUBLISH to postman-mqtt-client-1765272095759 (d0, q0, r0, m0, 'TopicControle', ... (2 bytes))
1765272162: Received PINGREQ from postman-mqtt-client-1765272095759
1765272162: Sending PINGRESP to postman-mqtt-client-1765272095759
1765272203: Received DISCONNECT from postman-mqtt-client-1765272095759
1765272203: Client postman-mqtt-client-1765272095759 disconnected.
1765272266: mosquitto version 2.0.22 terminating
1765272271: mosquitto version 2.0.22 starting
1765272271: Config loaded from /mosquitto/config/mosquitto.conf.
1765272271: Opening ipv4 listen socket on port 9005.
1765272271: Opening ipv6 listen socket on port 9005.
1765272271: mosquitto version 2.0.22 running
1765272296: mosquitto version 2.0.22 terminating
1765272297: mosquitto version 2.0.22 starting
1765272297: Config loaded from /mosquitto/config/mosquitto.conf.
1765272297: Opening ipv4 listen socket on port 9005.
1765272297: Opening ipv6 listen socket on port 9005.
1765272297: mosquitto version 2.0.22 running
1765272332: mosquitto version 2.0.22 terminating
1765272337: mosquitto version 2.0.22 starting
1765272337: Config loaded from /mosquitto/config/mosquitto.conf.
1765272337: Opening ipv4 listen socket on port 9005.
1765272337: Opening ipv6 listen socket on port 9005.
1765272337: mosquitto version 2.0.22 running
1765272488: mosquitto version 2.0.22 terminating
1765272530: mosquitto version 2.0.22 starting
1765272530: Config loaded from /mosquitto/config/mosquitto.conf.
1765272530: Opening ipv4 listen socket on port 1883.
1765272530: Opening ipv6 listen socket on port 1883.
1765272530: Opening ipv4 listen socket on port 9005.
1765272530: Opening ipv6 listen socket on port 9005.
1765272530: mosquitto version 2.0.22 running
1765272640: New connection from 172.21.0.1:42906 on port 9005.
1765272640: New client connected from 172.21.0.1:42906 as postman-mqtt-client-1765272639252 (p5, c0, k60).
1765272640: No will message specified.
1765272640: Sending CONNACK to postman-mqtt-client-1765272639252 (0, 0)
1765272640: Received SUBSCRIBE from postman-mqtt-client-1765272639252
1765272640: 	TopicControle (QoS 0)
1765272640: postman-mqtt-client-1765272639252 0 TopicControle
1765272640: Sending SUBACK to postman-mqtt-client-1765272639252
1765272644: Received PUBLISH from postman-mqtt-client-1765272639252 (d0, q0, r0, m0, 'TopicControle', ... (2 bytes))
1765272644: Sending PUBLISH to postman-mqtt-client-1765272639252 (d0, q0, r0, m0, 'TopicControle', ... (2 bytes))
1765272666: Received PUBLISH from postman-mqtt-client-1765272639252 (d0, q0, r0, m0, 'TopicControle', ... (17 bytes))
1765272666: Sending PUBLISH to postman-mqtt-client-1765272639252 (d0, q0, r0, m0, 'TopicControle', ... (17 bytes))
1765272726: Received PINGREQ from postman-mqtt-client-1765272639252
1765272726: Sending PINGRESP to postman-mqtt-client-1765272639252
1765272786: Received PINGREQ from postman-mqtt-client-1765272639252
1765272786: Sending PINGRESP to postman-mqtt-client-1765272639252
1765272846: Received PINGREQ from postman-mqtt-client-1765272639252
1765272846: Sending PINGRESP to postman-mqtt-client-1765272639252
1765272906: Received PINGREQ from postman-mqtt-client-1765272639252
1765272906: Sending PINGRESP to postman-mqtt-client-1765272639252
1765272966: Received PINGREQ from postman-mqtt-client-1765272639252
1765272966: Sending PINGRESP to postman-mqtt-client-1765272639252
1765273015: Client postman-mqtt-client-1765272639252 closed its connection.
1765273018: mosquitto version 2.0.22 terminating
1765273436: mosquitto version 2.0.22 starting
1765273436: Config loaded from /mosquitto/config/mosquitto.conf.
1765273436: Opening ipv4 listen socket on port 1883.
1765273436: Opening ipv6 listen socket on port 1883.
1765273436: Opening ipv4 listen socket on port 9005.
1765273436: Opening ipv6 listen socket on port 9005.
1765273436: mosquitto version 2.0.22 running
1765273544: mosquitto version 2.0.22 terminating
1765273545: mosquitto version 2.0.22 starting
1765273545: Config loaded from /mosquitto/config/mosquitto.conf.
1765273545: Opening ipv4 listen socket on port 9000.
1765273545: Opening ipv6 listen socket on port 9000.
1765273545: mosquitto version 2.0.22 running
1765273564: mosquitto version 2.0.22 terminating
1765273567: mosquitto version 2.0.22 starting
1765273567: Config loaded from /mosquitto/config/mosquitto.conf.
1765273567: Opening ipv4 listen socket on port 9000.
1765273567: Opening ipv6 listen socket on port 9000.
1765273567: mosquitto version 2.0.22 running
1765273595: mosquitto version 2.0.22 starting
1765273595: Config loaded from /mosquitto/config/mosquitto.conf.
1765273595: Opening ipv4 listen socket on port 9000.
1765273595: Opening ipv6 listen socket on port 9000.
1765273595: mosquitto version 2.0.22 running
1765274048: mosquitto version 2.0.22 terminating
1765274958: mosquitto version 2.0.22 starting
1765274958: Config loaded from /mosquitto/config/mosquitto.conf.
1765274958: Opening ipv4 listen socket on port 9000.
1765274958: Opening ipv6 listen socket on port 9000.
1765274958: mosquitto version 2.0.22 running
1765275167: mosquitto version 2.0.22 terminating
1765275175: mosquitto version 2.0.22 starting
1765275175: Config loaded from /mosquitto/config/mosquitto.conf.
1765275175: Opening ipv4 listen socket on port 9000.
1765275175: Opening ipv6 listen socket on port 9000.
1765275175: mosquitto version 2.0.22 running
1765275451: mosquitto version 2.0.22 terminating
1765275460: mosquitto version 2.0.22 starting
1765275460: Config loaded from /mosquitto/config/mosquitto.conf.
1765275460: Opening ipv4 listen socket on port 1883.
1765275460: Opening ipv6 listen socket on port 1883.
1765275460: Opening ipv4 listen socket on port 9000.
1765275460: Opening ipv6 listen socket on port 9000.
1765275460: Opening ipv4 listen socket on port 9005.
1765275460: Opening ipv6 listen socket on port 9005.
1765275460: mosquitto version 2.0.22 running
1765275472: New connection from 172.21.0.1:58620 on port 9005.
1765275472: New client connected from 172.21.0.1:58620 as postman-mqtt-client-1765275471422 (p5, c0, k60).
1765275472: No will message specified.
1765275472: Sending CONNACK to postman-mqtt-client-1765275471422 (0, 0)
1765275472: Received SUBSCRIBE from postman-mqtt-client-1765275471422
1765275472: 	TopicControle (QoS 0)
1765275472: postman-mqtt-client-1765275471422 0 TopicControle
1765275472: Sending SUBACK to postman-mqtt-client-1765275471422
1765275487: Received PUBLISH from postman-mqtt-client-1765275471422 (d0, q0, r0, m0, 'TopicControle', ... (17 bytes))
1765275487: Sending PUBLISH to postman-mqtt-client-1765275471422 (d0, q0, r0, m0, 'TopicControle', ... (17 bytes))
1765275521: Received DISCONNECT from postman-mqtt-client-1765275471422
1765275521: Client postman-mqtt-client-1765275471422 disconnected.
1765275527: New connection from 172.21.0.1:56464 on port 1883.
1765275527: New client connected from 172.21.0.1:56464 as postman-mqtt-client-1765275527823 (p5, c0, k60).
1765275527: No will message specified.
1765275527: Sending CONNACK to postman-mqtt-client-1765275527823 (0, 0)
1765275527: Received SUBSCRIBE from postman-mqtt-client-1765275527823
1765275527: 	TopicControle (QoS 0)
1765275527: postman-mqtt-client-1765275527823 0 TopicControle
1765275527: Sending SUBACK to postman-mqtt-client-1765275527823
1765275530: Received PUBLISH from postman-mqtt-client-1765275527823 (d0, q0, r0, m0, 'TopicControle', ... (2 bytes))
1765275530: Sending PUBLISH to postman-mqtt-client-1765275527823 (d0, q0, r0, m0, 'TopicControle', ... (2 bytes))
1765275590: Received PINGREQ from postman-mqtt-client-1765275527823
1765275590: Sending PINGRESP to postman-mqtt-client-1765275527823
1765275617: Received DISCONNECT from postman-mqtt-client-1765275527823
1765275617: Client postman-mqtt-client-1765275527823 disconnected.
1765275871: mosquitto version 2.0.22 terminating
1765275889: mosquitto version 2.0.22 starting
1765275889: Config loaded from /mosquitto/config/mosquitto.conf.
1765275889: Opening ipv4 listen socket on port 1883.
1765275889: Opening ipv6 listen socket on port 1883.
1765275889: Opening ipv4 listen socket on port 9000.
1765275889: Opening ipv6 listen socket on port 9000.
1765275889: Opening ipv4 listen socket on port 9005.
1765275889: Opening ipv6 listen socket on port 9005.
1765275889: mosquitto version 2.0.22 running
1765276042: mosquitto version 2.0.22 terminating
1765276052: mosquitto version 2.0.22 starting
1765276052: Config loaded from /mosquitto/config/mosquitto.conf.
1765276052: Opening ipv4 listen socket on port 1883.
1765276052: Opening ipv6 listen socket on port 1883.
1765276052: Opening ipv4 listen socket on port 9000.
1765276052: Opening ipv6 listen socket on port 9000.
1765276052: Opening ipv4 listen socket on port 9005.
1765276052: Opening ipv6 listen socket on port 9005.
1765276052: mosquitto version 2.0.22 running
